<?xml version="1.0" encoding="UTF-8"?>
<coverage generated="1754237614166" clover="3.2.0">
  <project timestamp="1754237614166" name="All files">
    <metrics statements="13" coveredstatements="11" conditionals="1" coveredconditionals="1" methods="3" coveredmethods="3" elements="17" coveredelements="15" complexity="0" loc="13" ncloc="13" packages="1" files="1" classes="1"/>
    <file name="JsonParser.ts" path="C:\Users\PC\Desktop\SE2 - Copy\src\util\JsonParser.ts">
      <metrics statements="13" coveredstatements="11" conditionals="1" coveredconditionals="1" methods="3" coveredmethods="3"/>
      <line num="1" count="1" type="stmt"/>
      <line num="3" count="4" type="cond" truecount="1" falsecount="0"/>
      <line num="5" count="4" type="stmt"/>
      <line num="6" count="4" type="stmt"/>
      <line num="8" count="4" type="stmt"/>
      <line num="11" count="4" type="stmt"/>
      <line num="13" count="0" type="stmt"/>
      <line num="20" count="1" type="stmt"/>
      <line num="21" count="2" type="stmt"/>
      <line num="22" count="2" type="stmt"/>
      <line num="23" count="2" type="stmt"/>
      <line num="24" count="2" type="stmt"/>
      <line num="27" count="0" type="stmt"/>
    </file>
  </project>
</coverage>
