{"C:\\Users\\PC\\Desktop\\SE2 - Copy\\src\\util\\JsonParser.ts": {"path":"C:\\Users\\PC\\Desktop\\SE2 - Copy\\src\\util\\JsonParser.ts","statementMap":{"0":{"start":{"line":3,"column":0},"end":{"line":3,"column":22}},"1":{"start":{"line":20,"column":0},"end":{"line":20,"column":22}},"2":{"start":{"line":1,"column":0},"end":{"line":1,"column":36}},"3":{"start":{"line":3,"column":35},"end":{"line":15,"column":null}},"4":{"start":{"line":5,"column":8},"end":{"line":14,"column":5}},"5":{"start":{"line":6,"column":24},"end":{"line":6,"column":59}},"6":{"start":{"line":8,"column":17},"end":{"line":8,"column":40}},"7":{"start":{"line":11,"column":4},"end":{"line":11,"column":33}},"8":{"start":{"line":13,"column":8},"end":{"line":13,"column":null}},"9":{"start":{"line":21,"column":4},"end":{"line":28,"column":1}},"10":{"start":{"line":22,"column":23},"end":{"line":22,"column":43}},"11":{"start":{"line":23,"column":4},"end":{"line":23,"column":47}},"12":{"start":{"line":24,"column":4},"end":{"line":24,"column":33}},"13":{"start":{"line":27,"column":8},"end":{"line":27,"column":37}}},"fnMap":{"0":{"name":"readJsonFile","decl":{"start":{"line":3,"column":22},"end":{"line":3,"column":34}},"loc":{"start":{"line":3,"column":34},"end":{"line":15,"column":null}}},"1":{"name":"(anonymous_8)","decl":{"start":{"line":3,"column":35},"end":{"line":3,"column":51}},"loc":{"start":{"line":3,"column":85},"end":{"line":15,"column":1}}},"2":{"name":"writeJsonFile","decl":{"start":{"line":20,"column":22},"end":{"line":20,"column":35}},"loc":{"start":{"line":20,"column":66},"end":{"line":29,"column":null}}}},"branchMap":{"0":{"loc":{"start":{"line":3,"column":54},"end":{"line":3,"column":85}},"type":"default-arg","locations":[{"start":{"line":3,"column":81},"end":{"line":3,"column":85}}]}},"s":{"0":1,"1":1,"2":1,"3":4,"4":4,"5":4,"6":4,"7":4,"8":0,"9":2,"10":2,"11":2,"12":2,"13":0},"f":{"0":4,"1":4,"2":2},"b":{"0":[4]}}
}
