{"C:\\Users\\PC\\Desktop\\SE2 - Copy\\src\\mappers\\Book.mapper.ts": {"path":"C:\\Users\\PC\\Desktop\\SE2 - Copy\\src\\mappers\\Book.mapper.ts","statementMap":{"0":{"start":{"line":1,"column":0},"end":{"line":1,"column":58}},"1":{"start":{"line":9,"column":8},"end":{"line":20,"column":21}},"2":{"start":{"line":6,"column":0},"end":{"line":6,"column":13}}},"fnMap":{"0":{"name":"(anonymous_0)","decl":{"start":{"line":8,"column":4},"end":{"line":8,"column":7}},"loc":{"start":{"line":8,"column":37},"end":{"line":21,"column":5}}}},"branchMap":{"0":{"loc":{"start":{"line":10,"column":22},"end":{"line":10,"column":44}},"type":"cond-expr","locations":[{"start":{"line":10,"column":40},"end":{"line":10,"column":42}},{"start":{"line":10,"column":42},"end":{"line":10,"column":44}}]},"1":{"loc":{"start":{"line":10,"column":22},"end":{"line":10,"column":42}},"type":"binary-expr","locations":[{"start":{"line":10,"column":22},"end":{"line":10,"column":42}},{"start":{"line":10,"column":40},"end":{"line":10,"column":42}}]},"2":{"loc":{"start":{"line":11,"column":23},"end":{"line":11,"column":41}},"type":"cond-expr","locations":[{"start":{"line":11,"column":37},"end":{"line":11,"column":39}},{"start":{"line":11,"column":39},"end":{"line":11,"column":41}}]},"3":{"loc":{"start":{"line":11,"column":23},"end":{"line":11,"column":39}},"type":"binary-expr","locations":[{"start":{"line":11,"column":23},"end":{"line":11,"column":39}},{"start":{"line":11,"column":37},"end":{"line":11,"column":39}}]},"4":{"loc":{"start":{"line":12,"column":22},"end":{"line":12,"column":39}},"type":"cond-expr","locations":[{"start":{"line":12,"column":35},"end":{"line":12,"column":37}},{"start":{"line":12,"column":37},"end":{"line":12,"column":39}}]},"5":{"loc":{"start":{"line":12,"column":22},"end":{"line":12,"column":37}},"type":"binary-expr","locations":[{"start":{"line":12,"column":22},"end":{"line":12,"column":37}},{"start":{"line":12,"column":35},"end":{"line":12,"column":37}}]},"6":{"loc":{"start":{"line":13,"column":23},"end":{"line":13,"column":41}},"type":"cond-expr","locations":[{"start":{"line":13,"column":37},"end":{"line":13,"column":39}},{"start":{"line":13,"column":39},"end":{"line":13,"column":41}}]},"7":{"loc":{"start":{"line":13,"column":23},"end":{"line":13,"column":39}},"type":"binary-expr","locations":[{"start":{"line":13,"column":23},"end":{"line":13,"column":39}},{"start":{"line":13,"column":37},"end":{"line":13,"column":39}}]},"8":{"loc":{"start":{"line":14,"column":25},"end":{"line":14,"column":45}},"type":"cond-expr","locations":[{"start":{"line":14,"column":41},"end":{"line":14,"column":43}},{"start":{"line":14,"column":43},"end":{"line":14,"column":45}}]},"9":{"loc":{"start":{"line":14,"column":25},"end":{"line":14,"column":43}},"type":"binary-expr","locations":[{"start":{"line":14,"column":25},"end":{"line":14,"column":43}},{"start":{"line":14,"column":41},"end":{"line":14,"column":43}}]},"10":{"loc":{"start":{"line":15,"column":26},"end":{"line":15,"column":47}},"type":"cond-expr","locations":[{"start":{"line":15,"column":43},"end":{"line":15,"column":45}},{"start":{"line":15,"column":45},"end":{"line":15,"column":47}}]},"11":{"loc":{"start":{"line":15,"column":26},"end":{"line":15,"column":45}},"type":"binary-expr","locations":[{"start":{"line":15,"column":26},"end":{"line":15,"column":45}},{"start":{"line":15,"column":43},"end":{"line":15,"column":45}}]},"12":{"loc":{"start":{"line":16,"column":31},"end":{"line":16,"column":58}},"type":"cond-expr","locations":[{"start":{"line":16,"column":54},"end":{"line":16,"column":56}},{"start":{"line":16,"column":56},"end":{"line":16,"column":58}}]},"13":{"loc":{"start":{"line":16,"column":31},"end":{"line":16,"column":56}},"type":"binary-expr","locations":[{"start":{"line":16,"column":31},"end":{"line":16,"column":56}},{"start":{"line":16,"column":54},"end":{"line":16,"column":56}}]},"14":{"loc":{"start":{"line":17,"column":26},"end":{"line":17,"column":47}},"type":"cond-expr","locations":[{"start":{"line":17,"column":43},"end":{"line":17,"column":45}},{"start":{"line":17,"column":45},"end":{"line":17,"column":47}}]},"15":{"loc":{"start":{"line":17,"column":26},"end":{"line":17,"column":45}},"type":"binary-expr","locations":[{"start":{"line":17,"column":26},"end":{"line":17,"column":45}},{"start":{"line":17,"column":43},"end":{"line":17,"column":45}}]},"16":{"loc":{"start":{"line":18,"column":34},"end":{"line":18,"column":57}},"type":"cond-expr","locations":[{"start":{"line":18,"column":50},"end":{"line":18,"column":54}},{"start":{"line":18,"column":54},"end":{"line":18,"column":57}}]},"17":{"loc":{"start":{"line":18,"column":34},"end":{"line":18,"column":54}},"type":"binary-expr","locations":[{"start":{"line":18,"column":34},"end":{"line":18,"column":54}},{"start":{"line":18,"column":50},"end":{"line":18,"column":54}}]},"18":{"loc":{"start":{"line":19,"column":31},"end":{"line":19,"column":51}},"type":"cond-expr","locations":[{"start":{"line":19,"column":44},"end":{"line":19,"column":48}},{"start":{"line":19,"column":48},"end":{"line":19,"column":51}}]},"19":{"loc":{"start":{"line":19,"column":31},"end":{"line":19,"column":48}},"type":"binary-expr","locations":[{"start":{"line":19,"column":31},"end":{"line":19,"column":48}},{"start":{"line":19,"column":44},"end":{"line":19,"column":48}}]}},"s":{"0":1,"1":3,"2":1},"f":{"0":3},"b":{"0":[2,1],"1":[3,3],"2":[2,1],"3":[3,3],"4":[0,3],"5":[3,3],"6":[0,3],"7":[3,3],"8":[0,3],"9":[3,3],"10":[0,3],"11":[3,3],"12":[0,3],"13":[3,3],"14":[0,3],"15":[3,3],"16":[1,2],"17":[3,3],"18":[1,2],"19":[3,3]}}
,"C:\\Users\\PC\\Desktop\\SE2 - Copy\\src\\mappers\\Cake.mapper.ts": {"path":"C:\\Users\\PC\\Desktop\\SE2 - Copy\\src\\mappers\\Cake.mapper.ts","statementMap":{"0":{"start":{"line":3,"column":0},"end":{"line":3,"column":61}},"1":{"start":{"line":8,"column":22},"end":{"line":8,"column":39}},"2":{"start":{"line":9,"column":20},"end":{"line":25,"column":45}},"3":{"start":{"line":6,"column":0},"end":{"line":6,"column":13}}},"fnMap":{"0":{"name":"(anonymous_0)","decl":{"start":{"line":7,"column":4},"end":{"line":7,"column":7}},"loc":{"start":{"line":7,"column":21},"end":{"line":27,"column":5}}}},"branchMap":{"0":{"loc":{"start":{"line":9,"column":41},"end":{"line":9,"column":52}},"type":"cond-expr","locations":[{"start":{"line":9,"column":48},"end":{"line":9,"column":50}},{"start":{"line":9,"column":50},"end":{"line":9,"column":52}}]},"1":{"loc":{"start":{"line":9,"column":41},"end":{"line":9,"column":50}},"type":"binary-expr","locations":[{"start":{"line":9,"column":41},"end":{"line":9,"column":50}},{"start":{"line":9,"column":48},"end":{"line":9,"column":50}}]},"2":{"loc":{"start":{"line":10,"column":43},"end":{"line":10,"column":54}},"type":"cond-expr","locations":[{"start":{"line":10,"column":50},"end":{"line":10,"column":52}},{"start":{"line":10,"column":52},"end":{"line":10,"column":54}}]},"3":{"loc":{"start":{"line":10,"column":43},"end":{"line":10,"column":52}},"type":"binary-expr","locations":[{"start":{"line":10,"column":43},"end":{"line":10,"column":52}},{"start":{"line":10,"column":50},"end":{"line":10,"column":52}}]},"4":{"loc":{"start":{"line":11,"column":44},"end":{"line":11,"column":55}},"type":"cond-expr","locations":[{"start":{"line":11,"column":51},"end":{"line":11,"column":53}},{"start":{"line":11,"column":53},"end":{"line":11,"column":55}}]},"5":{"loc":{"start":{"line":11,"column":44},"end":{"line":11,"column":53}},"type":"binary-expr","locations":[{"start":{"line":11,"column":44},"end":{"line":11,"column":53}},{"start":{"line":11,"column":51},"end":{"line":11,"column":53}}]},"6":{"loc":{"start":{"line":12,"column":41},"end":{"line":12,"column":61}},"type":"cond-expr","locations":[{"start":{"line":12,"column":58},"end":{"line":12,"column":60}},{"start":{"line":12,"column":60},"end":{"line":12,"column":61}}]},"7":{"loc":{"start":{"line":12,"column":41},"end":{"line":12,"column":60}},"type":"binary-expr","locations":[{"start":{"line":12,"column":41},"end":{"line":12,"column":60}},{"start":{"line":12,"column":58},"end":{"line":12,"column":60}}]},"8":{"loc":{"start":{"line":13,"column":43},"end":{"line":13,"column":63}},"type":"cond-expr","locations":[{"start":{"line":13,"column":60},"end":{"line":13,"column":62}},{"start":{"line":13,"column":62},"end":{"line":13,"column":63}}]},"9":{"loc":{"start":{"line":13,"column":43},"end":{"line":13,"column":62}},"type":"binary-expr","locations":[{"start":{"line":13,"column":43},"end":{"line":13,"column":62}},{"start":{"line":13,"column":60},"end":{"line":13,"column":62}}]},"10":{"loc":{"start":{"line":14,"column":49},"end":{"line":14,"column":60}},"type":"cond-expr","locations":[{"start":{"line":14,"column":56},"end":{"line":14,"column":58}},{"start":{"line":14,"column":58},"end":{"line":14,"column":60}}]},"11":{"loc":{"start":{"line":14,"column":49},"end":{"line":14,"column":58}},"type":"binary-expr","locations":[{"start":{"line":14,"column":49},"end":{"line":14,"column":58}},{"start":{"line":14,"column":56},"end":{"line":14,"column":58}}]},"12":{"loc":{"start":{"line":15,"column":51},"end":{"line":15,"column":62}},"type":"cond-expr","locations":[{"start":{"line":15,"column":58},"end":{"line":15,"column":60}},{"start":{"line":15,"column":60},"end":{"line":15,"column":62}}]},"13":{"loc":{"start":{"line":15,"column":51},"end":{"line":15,"column":60}},"type":"binary-expr","locations":[{"start":{"line":15,"column":51},"end":{"line":15,"column":60}},{"start":{"line":15,"column":58},"end":{"line":15,"column":60}}]},"14":{"loc":{"start":{"line":16,"column":51},"end":{"line":16,"column":62}},"type":"cond-expr","locations":[{"start":{"line":16,"column":58},"end":{"line":16,"column":60}},{"start":{"line":16,"column":60},"end":{"line":16,"column":62}}]},"15":{"loc":{"start":{"line":16,"column":51},"end":{"line":16,"column":60}},"type":"binary-expr","locations":[{"start":{"line":16,"column":51},"end":{"line":16,"column":60}},{"start":{"line":16,"column":58},"end":{"line":16,"column":60}}]},"16":{"loc":{"start":{"line":17,"column":52},"end":{"line":17,"column":63}},"type":"cond-expr","locations":[{"start":{"line":17,"column":59},"end":{"line":17,"column":61}},{"start":{"line":17,"column":61},"end":{"line":17,"column":63}}]},"17":{"loc":{"start":{"line":17,"column":52},"end":{"line":17,"column":61}},"type":"binary-expr","locations":[{"start":{"line":17,"column":52},"end":{"line":17,"column":61}},{"start":{"line":17,"column":59},"end":{"line":17,"column":61}}]},"18":{"loc":{"start":{"line":18,"column":50},"end":{"line":18,"column":62}},"type":"cond-expr","locations":[{"start":{"line":18,"column":58},"end":{"line":18,"column":60}},{"start":{"line":18,"column":60},"end":{"line":18,"column":62}}]},"19":{"loc":{"start":{"line":18,"column":50},"end":{"line":18,"column":60}},"type":"binary-expr","locations":[{"start":{"line":18,"column":50},"end":{"line":18,"column":60}},{"start":{"line":18,"column":58},"end":{"line":18,"column":60}}]},"20":{"loc":{"start":{"line":19,"column":42},"end":{"line":19,"column":54}},"type":"cond-expr","locations":[{"start":{"line":19,"column":50},"end":{"line":19,"column":52}},{"start":{"line":19,"column":52},"end":{"line":19,"column":54}}]},"21":{"loc":{"start":{"line":19,"column":42},"end":{"line":19,"column":52}},"type":"binary-expr","locations":[{"start":{"line":19,"column":42},"end":{"line":19,"column":52}},{"start":{"line":19,"column":50},"end":{"line":19,"column":52}}]},"22":{"loc":{"start":{"line":20,"column":46},"end":{"line":20,"column":58}},"type":"cond-expr","locations":[{"start":{"line":20,"column":54},"end":{"line":20,"column":56}},{"start":{"line":20,"column":56},"end":{"line":20,"column":58}}]},"23":{"loc":{"start":{"line":20,"column":46},"end":{"line":20,"column":56}},"type":"binary-expr","locations":[{"start":{"line":20,"column":46},"end":{"line":20,"column":56}},{"start":{"line":20,"column":54},"end":{"line":20,"column":56}}]},"24":{"loc":{"start":{"line":21,"column":55},"end":{"line":21,"column":67}},"type":"cond-expr","locations":[{"start":{"line":21,"column":63},"end":{"line":21,"column":65}},{"start":{"line":21,"column":65},"end":{"line":21,"column":67}}]},"25":{"loc":{"start":{"line":21,"column":55},"end":{"line":21,"column":65}},"type":"binary-expr","locations":[{"start":{"line":21,"column":55},"end":{"line":21,"column":65}},{"start":{"line":21,"column":63},"end":{"line":21,"column":65}}]},"26":{"loc":{"start":{"line":22,"column":50},"end":{"line":22,"column":62}},"type":"cond-expr","locations":[{"start":{"line":22,"column":58},"end":{"line":22,"column":60}},{"start":{"line":22,"column":60},"end":{"line":22,"column":62}}]},"27":{"loc":{"start":{"line":22,"column":50},"end":{"line":22,"column":60}},"type":"binary-expr","locations":[{"start":{"line":22,"column":50},"end":{"line":22,"column":60}},{"start":{"line":22,"column":58},"end":{"line":22,"column":60}}]},"28":{"loc":{"start":{"line":23,"column":42},"end":{"line":23,"column":63}},"type":"cond-expr","locations":[{"start":{"line":23,"column":60},"end":{"line":23,"column":62}},{"start":{"line":23,"column":62},"end":{"line":23,"column":63}}]},"29":{"loc":{"start":{"line":23,"column":42},"end":{"line":23,"column":62}},"type":"binary-expr","locations":[{"start":{"line":23,"column":42},"end":{"line":23,"column":62}},{"start":{"line":23,"column":60},"end":{"line":23,"column":62}}]},"30":{"loc":{"start":{"line":24,"column":45},"end":{"line":24,"column":66}},"type":"cond-expr","locations":[{"start":{"line":24,"column":63},"end":{"line":24,"column":65}},{"start":{"line":24,"column":65},"end":{"line":24,"column":66}}]},"31":{"loc":{"start":{"line":24,"column":45},"end":{"line":24,"column":65}},"type":"binary-expr","locations":[{"start":{"line":24,"column":45},"end":{"line":24,"column":65}},{"start":{"line":24,"column":63},"end":{"line":24,"column":65}}]}},"s":{"0":1,"1":3,"2":3,"3":1},"f":{"0":3},"b":{"0":[2,1],"1":[3,3],"2":[2,1],"3":[3,3],"4":[1,2],"5":[3,3],"6":[3,0],"7":[3,3],"8":[3,0],"9":[3,3],"10":[0,3],"11":[3,3],"12":[0,3],"13":[3,3],"14":[0,3],"15":[3,3],"16":[0,3],"17":[3,3],"18":[0,3],"19":[3,3],"20":[0,3],"21":[3,3],"22":[0,3],"23":[3,3],"24":[0,3],"25":[3,3],"26":[0,3],"27":[3,3],"28":[3,0],"29":[3,3],"30":[3,0],"31":[3,3]}}
,"C:\\Users\\PC\\Desktop\\SE2 - Copy\\src\\mappers\\Toy.mapper.ts": {"path":"C:\\Users\\PC\\Desktop\\SE2 - Copy\\src\\mappers\\Toy.mapper.ts","statementMap":{"0":{"start":{"line":3,"column":0},"end":{"line":3,"column":59}},"1":{"start":{"line":11,"column":25},"end":{"line":11,"column":41}},"2":{"start":{"line":12,"column":8},"end":{"line":21,"column":21}},"3":{"start":{"line":9,"column":0},"end":{"line":9,"column":13}}},"fnMap":{"0":{"name":"(anonymous_0)","decl":{"start":{"line":10,"column":4},"end":{"line":10,"column":7}},"loc":{"start":{"line":10,"column":39},"end":{"line":22,"column":5}}}},"branchMap":{"0":{"loc":{"start":{"line":13,"column":21},"end":{"line":13,"column":37}},"type":"cond-expr","locations":[{"start":{"line":13,"column":33},"end":{"line":13,"column":35}},{"start":{"line":13,"column":35},"end":{"line":13,"column":37}}]},"1":{"loc":{"start":{"line":13,"column":21},"end":{"line":13,"column":35}},"type":"binary-expr","locations":[{"start":{"line":13,"column":21},"end":{"line":13,"column":35}},{"start":{"line":13,"column":33},"end":{"line":13,"column":35}}]},"2":{"loc":{"start":{"line":14,"column":25},"end":{"line":14,"column":45}},"type":"cond-expr","locations":[{"start":{"line":14,"column":41},"end":{"line":14,"column":43}},{"start":{"line":14,"column":43},"end":{"line":14,"column":45}}]},"3":{"loc":{"start":{"line":14,"column":25},"end":{"line":14,"column":43}},"type":"binary-expr","locations":[{"start":{"line":14,"column":25},"end":{"line":14,"column":43}},{"start":{"line":14,"column":41},"end":{"line":14,"column":43}}]},"4":{"loc":{"start":{"line":19,"column":31},"end":{"line":19,"column":49}},"type":"cond-expr","locations":[{"start":{"line":19,"column":44},"end":{"line":19,"column":46}},{"start":{"line":19,"column":46},"end":{"line":19,"column":49}}]},"5":{"loc":{"start":{"line":19,"column":31},"end":{"line":19,"column":46}},"type":"binary-expr","locations":[{"start":{"line":19,"column":31},"end":{"line":19,"column":46}},{"start":{"line":19,"column":44},"end":{"line":19,"column":46}}]},"6":{"loc":{"start":{"line":20,"column":34},"end":{"line":20,"column":55}},"type":"cond-expr","locations":[{"start":{"line":20,"column":50},"end":{"line":20,"column":52}},{"start":{"line":20,"column":52},"end":{"line":20,"column":55}}]},"7":{"loc":{"start":{"line":20,"column":34},"end":{"line":20,"column":52}},"type":"binary-expr","locations":[{"start":{"line":20,"column":34},"end":{"line":20,"column":52}},{"start":{"line":20,"column":50},"end":{"line":20,"column":52}}]}},"s":{"0":1,"1":3,"2":3,"3":1},"f":{"0":3},"b":{"0":[2,1],"1":[3,3],"2":[2,1],"3":[3,3],"4":[1,2],"5":[3,3],"6":[1,2],"7":[3,3]}}
,"C:\\Users\\PC\\Desktop\\SE2 - Copy\\src\\models\\book.model.ts": {"path":"C:\\Users\\PC\\Desktop\\SE2 - Copy\\src\\models\\book.model.ts","statementMap":{"0":{"start":{"line":1,"column":0},"end":{"line":1,"column":57}},"1":{"start":{"line":28,"column":8},"end":{"line":28,"column":31}},"2":{"start":{"line":29,"column":8},"end":{"line":29,"column":27}},"3":{"start":{"line":30,"column":8},"end":{"line":30,"column":29}},"4":{"start":{"line":31,"column":8},"end":{"line":31,"column":27}},"5":{"start":{"line":32,"column":8},"end":{"line":32,"column":29}},"6":{"start":{"line":33,"column":8},"end":{"line":33,"column":33}},"7":{"start":{"line":34,"column":8},"end":{"line":34,"column":35}},"8":{"start":{"line":35,"column":8},"end":{"line":35,"column":45}},"9":{"start":{"line":36,"column":8},"end":{"line":36,"column":35}},"10":{"start":{"line":37,"column":8},"end":{"line":37,"column":27}},"11":{"start":{"line":38,"column":8},"end":{"line":38,"column":33}},"12":{"start":{"line":41,"column":8},"end":{"line":41,"column":33}},"13":{"start":{"line":45,"column":8},"end":{"line":45,"column":26}},"14":{"start":{"line":49,"column":8},"end":{"line":49,"column":27}},"15":{"start":{"line":53,"column":8},"end":{"line":53,"column":26}},"16":{"start":{"line":57,"column":8},"end":{"line":57,"column":27}},"17":{"start":{"line":61,"column":8},"end":{"line":61,"column":29}},"18":{"start":{"line":65,"column":8},"end":{"line":65,"column":30}},"19":{"start":{"line":69,"column":8},"end":{"line":69,"column":35}},"20":{"start":{"line":73,"column":8},"end":{"line":73,"column":30}},"21":{"start":{"line":77,"column":8},"end":{"line":77,"column":26}},"22":{"start":{"line":81,"column":8},"end":{"line":81,"column":29}},"23":{"start":{"line":2,"column":0},"end":{"line":2,"column":13}}},"fnMap":{"0":{"name":"(anonymous_0)","decl":{"start":{"line":15,"column":6},"end":{"line":15,"column":null}},"loc":{"start":{"line":26,"column":24},"end":{"line":39,"column":5}}},"1":{"name":"(anonymous_1)","decl":{"start":{"line":40,"column":7},"end":{"line":40,"column":18}},"loc":{"start":{"line":40,"column":18},"end":{"line":42,"column":5}}},"2":{"name":"(anonymous_2)","decl":{"start":{"line":44,"column":4},"end":{"line":44,"column":12}},"loc":{"start":{"line":44,"column":12},"end":{"line":46,"column":5}}},"3":{"name":"(anonymous_3)","decl":{"start":{"line":48,"column":4},"end":{"line":48,"column":13}},"loc":{"start":{"line":48,"column":13},"end":{"line":50,"column":5}}},"4":{"name":"(anonymous_4)","decl":{"start":{"line":52,"column":4},"end":{"line":52,"column":12}},"loc":{"start":{"line":52,"column":12},"end":{"line":54,"column":5}}},"5":{"name":"(anonymous_5)","decl":{"start":{"line":56,"column":4},"end":{"line":56,"column":13}},"loc":{"start":{"line":56,"column":13},"end":{"line":58,"column":5}}},"6":{"name":"(anonymous_6)","decl":{"start":{"line":60,"column":4},"end":{"line":60,"column":15}},"loc":{"start":{"line":60,"column":15},"end":{"line":62,"column":5}}},"7":{"name":"(anonymous_7)","decl":{"start":{"line":64,"column":4},"end":{"line":64,"column":16}},"loc":{"start":{"line":64,"column":16},"end":{"line":66,"column":5}}},"8":{"name":"(anonymous_8)","decl":{"start":{"line":68,"column":4},"end":{"line":68,"column":21}},"loc":{"start":{"line":68,"column":21},"end":{"line":70,"column":5}}},"9":{"name":"(anonymous_9)","decl":{"start":{"line":72,"column":4},"end":{"line":72,"column":16}},"loc":{"start":{"line":72,"column":16},"end":{"line":74,"column":5}}},"10":{"name":"(anonymous_10)","decl":{"start":{"line":76,"column":4},"end":{"line":76,"column":12}},"loc":{"start":{"line":76,"column":12},"end":{"line":78,"column":5}}},"11":{"name":"(anonymous_11)","decl":{"start":{"line":80,"column":4},"end":{"line":80,"column":15}},"loc":{"start":{"line":80,"column":15},"end":{"line":82,"column":5}}}},"branchMap":{},"s":{"0":1,"1":3,"2":3,"3":3,"4":3,"5":3,"6":3,"7":3,"8":3,"9":3,"10":3,"11":3,"12":0,"13":3,"14":3,"15":0,"16":0,"17":0,"18":0,"19":0,"20":0,"21":3,"22":3,"23":1},"f":{"0":3,"1":0,"2":3,"3":3,"4":0,"5":0,"6":0,"7":0,"8":0,"9":0,"10":3,"11":3},"b":{}}
,"C:\\Users\\PC\\Desktop\\SE2 - Copy\\src\\models\\cake.model.ts": {"path":"C:\\Users\\PC\\Desktop\\SE2 - Copy\\src\\models\\cake.model.ts","statementMap":{"0":{"start":{"line":1,"column":0},"end":{"line":1,"column":57}},"1":{"start":{"line":45,"column":8},"end":{"line":45,"column":25}},"2":{"start":{"line":46,"column":8},"end":{"line":46,"column":29}},"3":{"start":{"line":47,"column":8},"end":{"line":47,"column":31}},"4":{"start":{"line":48,"column":8},"end":{"line":48,"column":25}},"5":{"start":{"line":49,"column":8},"end":{"line":49,"column":29}},"6":{"start":{"line":50,"column":8},"end":{"line":50,"column":41}},"7":{"start":{"line":51,"column":8},"end":{"line":51,"column":45}},"8":{"start":{"line":52,"column":8},"end":{"line":52,"column":45}},"9":{"start":{"line":53,"column":8},"end":{"line":53,"column":47}},"10":{"start":{"line":54,"column":8},"end":{"line":54,"column":43}},"11":{"start":{"line":55,"column":8},"end":{"line":55,"column":27}},"12":{"start":{"line":56,"column":8},"end":{"line":56,"column":35}},"13":{"start":{"line":57,"column":8},"end":{"line":57,"column":53}},"14":{"start":{"line":58,"column":8},"end":{"line":58,"column":43}},"15":{"start":{"line":59,"column":8},"end":{"line":59,"column":27}},"16":{"start":{"line":60,"column":8},"end":{"line":60,"column":33}},"17":{"start":{"line":66,"column":8},"end":{"line":66,"column":33}},"18":{"start":{"line":70,"column":8},"end":{"line":70,"column":25}},"19":{"start":{"line":74,"column":8},"end":{"line":74,"column":27}},"20":{"start":{"line":78,"column":8},"end":{"line":78,"column":28}},"21":{"start":{"line":82,"column":8},"end":{"line":82,"column":25}},"22":{"start":{"line":85,"column":8},"end":{"line":85,"column":27}},"23":{"start":{"line":88,"column":4},"end":{"line":88,"column":29}},"24":{"start":{"line":92,"column":4},"end":{"line":92,"column":31}},"25":{"start":{"line":96,"column":4},"end":{"line":96,"column":31}},"26":{"start":{"line":100,"column":4},"end":{"line":100,"column":32}},"27":{"start":{"line":104,"column":4},"end":{"line":104,"column":30}},"28":{"start":{"line":108,"column":4},"end":{"line":108,"column":22}},"29":{"start":{"line":112,"column":4},"end":{"line":112,"column":26}},"30":{"start":{"line":116,"column":4},"end":{"line":116,"column":35}},"31":{"start":{"line":120,"column":4},"end":{"line":120,"column":30}},"32":{"start":{"line":124,"column":4},"end":{"line":124,"column":22}},"33":{"start":{"line":128,"column":4},"end":{"line":128,"column":25}},"34":{"start":{"line":3,"column":0},"end":{"line":3,"column":13}}},"fnMap":{"0":{"name":"(anonymous_0)","decl":{"start":{"line":23,"column":4},"end":{"line":23,"column":null}},"loc":{"start":{"line":39,"column":24},"end":{"line":63,"column":5}}},"1":{"name":"(anonymous_1)","decl":{"start":{"line":65,"column":4},"end":{"line":65,"column":15}},"loc":{"start":{"line":65,"column":15},"end":{"line":67,"column":5}}},"2":{"name":"(anonymous_2)","decl":{"start":{"line":69,"column":4},"end":{"line":69,"column":11}},"loc":{"start":{"line":69,"column":11},"end":{"line":71,"column":5}}},"3":{"name":"(anonymous_3)","decl":{"start":{"line":73,"column":4},"end":{"line":73,"column":13}},"loc":{"start":{"line":73,"column":13},"end":{"line":75,"column":5}}},"4":{"name":"(anonymous_4)","decl":{"start":{"line":77,"column":4},"end":{"line":77,"column":14}},"loc":{"start":{"line":77,"column":14},"end":{"line":79,"column":5}}},"5":{"name":"(anonymous_5)","decl":{"start":{"line":81,"column":4},"end":{"line":81,"column":11}},"loc":{"start":{"line":81,"column":11},"end":{"line":83,"column":5}}},"6":{"name":"(anonymous_6)","decl":{"start":{"line":84,"column":4},"end":{"line":84,"column":13}},"loc":{"start":{"line":84,"column":13},"end":{"line":86,"column":5}}},"7":{"name":"(anonymous_7)","decl":{"start":{"line":87,"column":4},"end":{"line":87,"column":19}},"loc":{"start":{"line":87,"column":19},"end":{"line":89,"column":1}}},"8":{"name":"(anonymous_8)","decl":{"start":{"line":91,"column":0},"end":{"line":91,"column":17}},"loc":{"start":{"line":91,"column":17},"end":{"line":93,"column":1}}},"9":{"name":"(anonymous_9)","decl":{"start":{"line":95,"column":0},"end":{"line":95,"column":17}},"loc":{"start":{"line":95,"column":17},"end":{"line":97,"column":1}}},"10":{"name":"(anonymous_10)","decl":{"start":{"line":99,"column":0},"end":{"line":99,"column":18}},"loc":{"start":{"line":99,"column":18},"end":{"line":101,"column":1}}},"11":{"name":"(anonymous_11)","decl":{"start":{"line":103,"column":0},"end":{"line":103,"column":16}},"loc":{"start":{"line":103,"column":16},"end":{"line":105,"column":1}}},"12":{"name":"(anonymous_12)","decl":{"start":{"line":107,"column":0},"end":{"line":107,"column":8}},"loc":{"start":{"line":107,"column":8},"end":{"line":109,"column":1}}},"13":{"name":"(anonymous_13)","decl":{"start":{"line":111,"column":0},"end":{"line":111,"column":12}},"loc":{"start":{"line":111,"column":12},"end":{"line":113,"column":1}}},"14":{"name":"(anonymous_14)","decl":{"start":{"line":115,"column":0},"end":{"line":115,"column":21}},"loc":{"start":{"line":115,"column":21},"end":{"line":117,"column":1}}},"15":{"name":"(anonymous_15)","decl":{"start":{"line":119,"column":0},"end":{"line":119,"column":16}},"loc":{"start":{"line":119,"column":16},"end":{"line":121,"column":1}}},"16":{"name":"(anonymous_16)","decl":{"start":{"line":123,"column":0},"end":{"line":123,"column":8}},"loc":{"start":{"line":123,"column":8},"end":{"line":125,"column":1}}},"17":{"name":"(anonymous_17)","decl":{"start":{"line":127,"column":0},"end":{"line":127,"column":11}},"loc":{"start":{"line":127,"column":11},"end":{"line":129,"column":1}}}},"branchMap":{},"s":{"0":1,"1":3,"2":3,"3":3,"4":3,"5":3,"6":3,"7":3,"8":3,"9":3,"10":3,"11":3,"12":3,"13":3,"14":3,"15":3,"16":3,"17":0,"18":3,"19":2,"20":0,"21":0,"22":0,"23":0,"24":0,"25":0,"26":0,"27":0,"28":0,"29":0,"30":0,"31":0,"32":2,"33":0,"34":1},"f":{"0":3,"1":0,"2":3,"3":2,"4":0,"5":0,"6":0,"7":0,"8":0,"9":0,"10":0,"11":0,"12":0,"13":0,"14":0,"15":0,"16":2,"17":0},"b":{}}
,"C:\\Users\\PC\\Desktop\\SE2 - Copy\\src\\models\\item.model.ts": {"path":"C:\\Users\\PC\\Desktop\\SE2 - Copy\\src\\models\\item.model.ts","statementMap":{"0":{"start":{"line":1,"column":0},"end":{"line":1,"column":null}},"1":{"start":{"line":2,"column":4},"end":{"line":2,"column":null}},"2":{"start":{"line":3,"column":4},"end":{"line":3,"column":null}},"3":{"start":{"line":4,"column":4},"end":{"line":4,"column":null}}},"fnMap":{"0":{"name":"(anonymous_0)","decl":{"start":{"line":1,"column":0},"end":{"line":1,"column":12}},"loc":{"start":{"line":1,"column":24},"end":{"line":6,"column":1}}}},"branchMap":{"0":{"loc":{"start":{"line":1,"column":12},"end":{"line":1,"column":null}},"type":"binary-expr","locations":[{"start":{"line":1,"column":12},"end":{"line":1,"column":24}},{"start":{"line":1,"column":24},"end":{"line":1,"column":null}}]}},"s":{"0":3,"1":3,"2":3,"3":3},"f":{"0":3},"b":{"0":[3,3]}}
,"C:\\Users\\PC\\Desktop\\SE2 - Copy\\src\\models\\toy.model.ts": {"path":"C:\\Users\\PC\\Desktop\\SE2 - Copy\\src\\models\\toy.model.ts","statementMap":{"0":{"start":{"line":1,"column":0},"end":{"line":1,"column":58}},"1":{"start":{"line":25,"column":8},"end":{"line":25,"column":31}},"2":{"start":{"line":26,"column":8},"end":{"line":26,"column":25}},"3":{"start":{"line":27,"column":8},"end":{"line":27,"column":33}},"4":{"start":{"line":28,"column":8},"end":{"line":28,"column":27}},"5":{"start":{"line":29,"column":8},"end":{"line":29,"column":33}},"6":{"start":{"line":30,"column":8},"end":{"line":30,"column":47}},"7":{"start":{"line":31,"column":8},"end":{"line":31,"column":39}},"8":{"start":{"line":32,"column":8},"end":{"line":32,"column":27}},"9":{"start":{"line":33,"column":8},"end":{"line":33,"column":33}},"10":{"start":{"line":37,"column":8},"end":{"line":37,"column":32}},"11":{"start":{"line":41,"column":8},"end":{"line":41,"column":28}},"12":{"start":{"line":45,"column":8},"end":{"line":45,"column":25}},"13":{"start":{"line":49,"column":8},"end":{"line":49,"column":29}},"14":{"start":{"line":53,"column":8},"end":{"line":53,"column":26}},"15":{"start":{"line":57,"column":8},"end":{"line":57,"column":29}},"16":{"start":{"line":61,"column":8},"end":{"line":61,"column":36}},"17":{"start":{"line":65,"column":8},"end":{"line":65,"column":32}},"18":{"start":{"line":69,"column":8},"end":{"line":69,"column":26}},"19":{"start":{"line":73,"column":8},"end":{"line":73,"column":29}},"20":{"start":{"line":3,"column":0},"end":{"line":3,"column":13}}},"fnMap":{"0":{"name":"(anonymous_0)","decl":{"start":{"line":14,"column":4},"end":{"line":14,"column":null}},"loc":{"start":{"line":23,"column":24},"end":{"line":34,"column":5}}},"1":{"name":"(anonymous_1)","decl":{"start":{"line":36,"column":4},"end":{"line":36,"column":15}},"loc":{"start":{"line":36,"column":15},"end":{"line":38,"column":5}}},"2":{"name":"(anonymous_2)","decl":{"start":{"line":40,"column":4},"end":{"line":40,"column":14}},"loc":{"start":{"line":40,"column":14},"end":{"line":42,"column":5}}},"3":{"name":"(anonymous_3)","decl":{"start":{"line":44,"column":4},"end":{"line":44,"column":11}},"loc":{"start":{"line":44,"column":11},"end":{"line":46,"column":5}}},"4":{"name":"(anonymous_4)","decl":{"start":{"line":48,"column":4},"end":{"line":48,"column":15}},"loc":{"start":{"line":48,"column":15},"end":{"line":50,"column":5}}},"5":{"name":"(anonymous_5)","decl":{"start":{"line":52,"column":4},"end":{"line":52,"column":12}},"loc":{"start":{"line":52,"column":12},"end":{"line":54,"column":5}}},"6":{"name":"(anonymous_6)","decl":{"start":{"line":56,"column":4},"end":{"line":56,"column":15}},"loc":{"start":{"line":56,"column":15},"end":{"line":58,"column":5}}},"7":{"name":"(anonymous_7)","decl":{"start":{"line":60,"column":4},"end":{"line":60,"column":22}},"loc":{"start":{"line":60,"column":22},"end":{"line":62,"column":5}}},"8":{"name":"(anonymous_8)","decl":{"start":{"line":64,"column":4},"end":{"line":64,"column":18}},"loc":{"start":{"line":64,"column":18},"end":{"line":66,"column":5}}},"9":{"name":"(anonymous_9)","decl":{"start":{"line":68,"column":4},"end":{"line":68,"column":12}},"loc":{"start":{"line":68,"column":12},"end":{"line":70,"column":5}}},"10":{"name":"(anonymous_10)","decl":{"start":{"line":72,"column":4},"end":{"line":72,"column":15}},"loc":{"start":{"line":72,"column":15},"end":{"line":74,"column":5}}}},"branchMap":{},"s":{"0":1,"1":3,"2":3,"3":3,"4":3,"5":3,"6":3,"7":3,"8":3,"9":3,"10":0,"11":0,"12":2,"13":3,"14":0,"15":0,"16":0,"17":0,"18":3,"19":3,"20":1},"f":{"0":3,"1":0,"2":0,"3":2,"4":3,"5":0,"6":0,"7":0,"8":0,"9":3,"10":3},"b":{}}
,"C:\\Users\\PC\\Desktop\\SE2 - Copy\\src\\models\\builder\\book.builder.ts": {"path":"C:\\Users\\PC\\Desktop\\SE2 - Copy\\src\\models\\builder\\book.builder.ts","statementMap":{"0":{"start":{"line":1,"column":0},"end":{"line":1,"column":37}},"1":{"start":{"line":5,"column":8},"end":{"line":5,"column":29}},"2":{"start":{"line":6,"column":8},"end":{"line":6,"column":27}},"3":{"start":{"line":7,"column":8},"end":{"line":7,"column":28}},"4":{"start":{"line":8,"column":8},"end":{"line":8,"column":27}},"5":{"start":{"line":9,"column":8},"end":{"line":9,"column":28}},"6":{"start":{"line":10,"column":8},"end":{"line":10,"column":30}},"7":{"start":{"line":11,"column":8},"end":{"line":11,"column":31}},"8":{"start":{"line":12,"column":8},"end":{"line":12,"column":36}},"9":{"start":{"line":13,"column":8},"end":{"line":13,"column":31}},"10":{"start":{"line":14,"column":8},"end":{"line":14,"column":26}},"11":{"start":{"line":15,"column":8},"end":{"line":15,"column":29}},"12":{"start":{"line":19,"column":4},"end":{"line":19,"column":27}},"13":{"start":{"line":20,"column":4},"end":{"line":20,"column":16}},"14":{"start":{"line":24,"column":4},"end":{"line":24,"column":23}},"15":{"start":{"line":25,"column":4},"end":{"line":25,"column":16}},"16":{"start":{"line":29,"column":4},"end":{"line":29,"column":25}},"17":{"start":{"line":30,"column":4},"end":{"line":30,"column":16}},"18":{"start":{"line":34,"column":4},"end":{"line":34,"column":23}},"19":{"start":{"line":35,"column":4},"end":{"line":35,"column":16}},"20":{"start":{"line":39,"column":4},"end":{"line":39,"column":25}},"21":{"start":{"line":40,"column":4},"end":{"line":40,"column":16}},"22":{"start":{"line":44,"column":4},"end":{"line":44,"column":29}},"23":{"start":{"line":45,"column":4},"end":{"line":45,"column":16}},"24":{"start":{"line":49,"column":4},"end":{"line":49,"column":31}},"25":{"start":{"line":50,"column":4},"end":{"line":50,"column":16}},"26":{"start":{"line":54,"column":4},"end":{"line":54,"column":41}},"27":{"start":{"line":55,"column":4},"end":{"line":55,"column":16}},"28":{"start":{"line":59,"column":4},"end":{"line":59,"column":31}},"29":{"start":{"line":60,"column":4},"end":{"line":60,"column":16}},"30":{"start":{"line":64,"column":4},"end":{"line":64,"column":23}},"31":{"start":{"line":65,"column":4},"end":{"line":65,"column":16}},"32":{"start":{"line":69,"column":4},"end":{"line":69,"column":29}},"33":{"start":{"line":70,"column":4},"end":{"line":70,"column":16}},"34":{"start":{"line":76,"column":4},"end":{"line":88,"column":6}},"35":{"start":{"line":4,"column":0},"end":{"line":4,"column":13}}},"fnMap":{"0":{"name":"(anonymous_0)","decl":{"start":{"line":4,"column":0},"end":{"line":4,"column":13}},"loc":{"start":{"line":4,"column":0},"end":{"line":90,"column":1}}},"1":{"name":"(anonymous_1)","decl":{"start":{"line":18,"column":2},"end":{"line":18,"column":12}},"loc":{"start":{"line":18,"column":28},"end":{"line":21,"column":3}}},"2":{"name":"(anonymous_2)","decl":{"start":{"line":23,"column":2},"end":{"line":23,"column":10}},"loc":{"start":{"line":23,"column":24},"end":{"line":26,"column":3}}},"3":{"name":"(anonymous_3)","decl":{"start":{"line":28,"column":2},"end":{"line":28,"column":11}},"loc":{"start":{"line":28,"column":26},"end":{"line":31,"column":3}}},"4":{"name":"(anonymous_4)","decl":{"start":{"line":33,"column":2},"end":{"line":33,"column":10}},"loc":{"start":{"line":33,"column":24},"end":{"line":36,"column":3}}},"5":{"name":"(anonymous_5)","decl":{"start":{"line":38,"column":2},"end":{"line":38,"column":11}},"loc":{"start":{"line":38,"column":26},"end":{"line":41,"column":3}}},"6":{"name":"(anonymous_6)","decl":{"start":{"line":43,"column":2},"end":{"line":43,"column":13}},"loc":{"start":{"line":43,"column":30},"end":{"line":46,"column":3}}},"7":{"name":"(anonymous_7)","decl":{"start":{"line":48,"column":2},"end":{"line":48,"column":14}},"loc":{"start":{"line":48,"column":32},"end":{"line":51,"column":3}}},"8":{"name":"(anonymous_8)","decl":{"start":{"line":53,"column":2},"end":{"line":53,"column":19}},"loc":{"start":{"line":53,"column":42},"end":{"line":56,"column":3}}},"9":{"name":"(anonymous_9)","decl":{"start":{"line":58,"column":2},"end":{"line":58,"column":14}},"loc":{"start":{"line":58,"column":32},"end":{"line":61,"column":3}}},"10":{"name":"(anonymous_10)","decl":{"start":{"line":63,"column":2},"end":{"line":63,"column":10}},"loc":{"start":{"line":63,"column":24},"end":{"line":66,"column":3}}},"11":{"name":"(anonymous_11)","decl":{"start":{"line":68,"column":2},"end":{"line":68,"column":13}},"loc":{"start":{"line":68,"column":30},"end":{"line":71,"column":3}}},"12":{"name":"(anonymous_12)","decl":{"start":{"line":73,"column":2},"end":{"line":73,"column":7}},"loc":{"start":{"line":73,"column":7},"end":{"line":89,"column":3}}}},"branchMap":{},"s":{"0":1,"1":3,"2":3,"3":3,"4":3,"5":3,"6":3,"7":3,"8":3,"9":3,"10":3,"11":3,"12":0,"13":0,"14":3,"15":3,"16":3,"17":3,"18":3,"19":3,"20":3,"21":3,"22":3,"23":3,"24":3,"25":3,"26":3,"27":3,"28":3,"29":3,"30":3,"31":3,"32":3,"33":3,"34":3,"35":1},"f":{"0":3,"1":0,"2":3,"3":3,"4":3,"5":3,"6":3,"7":3,"8":3,"9":3,"10":3,"11":3,"12":3},"b":{}}
,"C:\\Users\\PC\\Desktop\\SE2 - Copy\\src\\models\\builder\\cake.builder.ts": {"path":"C:\\Users\\PC\\Desktop\\SE2 - Copy\\src\\models\\builder\\cake.builder.ts","statementMap":{"0":{"start":{"line":1,"column":0},"end":{"line":1,"column":37}},"1":{"start":{"line":7,"column":12},"end":{"line":7,"column":29}},"2":{"start":{"line":8,"column":12},"end":{"line":8,"column":32}},"3":{"start":{"line":9,"column":12},"end":{"line":9,"column":31}},"4":{"start":{"line":10,"column":12},"end":{"line":10,"column":29}},"5":{"start":{"line":11,"column":12},"end":{"line":11,"column":30}},"6":{"start":{"line":12,"column":12},"end":{"line":12,"column":36}},"7":{"start":{"line":13,"column":12},"end":{"line":13,"column":38}},"8":{"start":{"line":14,"column":12},"end":{"line":14,"column":38}},"9":{"start":{"line":15,"column":12},"end":{"line":15,"column":39}},"10":{"start":{"line":16,"column":12},"end":{"line":16,"column":37}},"11":{"start":{"line":17,"column":12},"end":{"line":17,"column":29}},"12":{"start":{"line":18,"column":12},"end":{"line":18,"column":33}},"13":{"start":{"line":19,"column":12},"end":{"line":19,"column":42}},"14":{"start":{"line":20,"column":12},"end":{"line":20,"column":37}},"15":{"start":{"line":21,"column":12},"end":{"line":21,"column":28}},"16":{"start":{"line":22,"column":12},"end":{"line":22,"column":31}},"17":{"start":{"line":25,"column":8},"end":{"line":25,"column":33}},"18":{"start":{"line":30,"column":4},"end":{"line":30,"column":21}},"19":{"start":{"line":31,"column":4},"end":{"line":31,"column":16}},"20":{"start":{"line":35,"column":4},"end":{"line":35,"column":25}},"21":{"start":{"line":36,"column":4},"end":{"line":36,"column":16}},"22":{"start":{"line":40,"column":4},"end":{"line":40,"column":27}},"23":{"start":{"line":41,"column":4},"end":{"line":41,"column":16}},"24":{"start":{"line":45,"column":4},"end":{"line":45,"column":21}},"25":{"start":{"line":46,"column":4},"end":{"line":46,"column":16}},"26":{"start":{"line":50,"column":4},"end":{"line":50,"column":25}},"27":{"start":{"line":51,"column":4},"end":{"line":51,"column":16}},"28":{"start":{"line":55,"column":4},"end":{"line":55,"column":37}},"29":{"start":{"line":56,"column":4},"end":{"line":56,"column":16}},"30":{"start":{"line":60,"column":4},"end":{"line":60,"column":41}},"31":{"start":{"line":61,"column":4},"end":{"line":61,"column":16}},"32":{"start":{"line":65,"column":4},"end":{"line":65,"column":41}},"33":{"start":{"line":66,"column":4},"end":{"line":66,"column":16}},"34":{"start":{"line":70,"column":4},"end":{"line":70,"column":43}},"35":{"start":{"line":71,"column":4},"end":{"line":71,"column":16}},"36":{"start":{"line":75,"column":4},"end":{"line":75,"column":39}},"37":{"start":{"line":76,"column":4},"end":{"line":76,"column":16}},"38":{"start":{"line":80,"column":4},"end":{"line":80,"column":23}},"39":{"start":{"line":81,"column":4},"end":{"line":81,"column":16}},"40":{"start":{"line":85,"column":4},"end":{"line":85,"column":31}},"41":{"start":{"line":86,"column":4},"end":{"line":86,"column":16}},"42":{"start":{"line":90,"column":4},"end":{"line":90,"column":49}},"43":{"start":{"line":91,"column":4},"end":{"line":91,"column":16}},"44":{"start":{"line":95,"column":4},"end":{"line":95,"column":39}},"45":{"start":{"line":96,"column":4},"end":{"line":96,"column":16}},"46":{"start":{"line":100,"column":4},"end":{"line":100,"column":23}},"47":{"start":{"line":101,"column":4},"end":{"line":101,"column":16}},"48":{"start":{"line":105,"column":4},"end":{"line":105,"column":29}},"49":{"start":{"line":106,"column":4},"end":{"line":106,"column":16}},"50":{"start":{"line":111,"column":4},"end":{"line":128,"column":null}},"51":{"start":{"line":6,"column":0},"end":{"line":6,"column":13}}},"fnMap":{"0":{"name":"(anonymous_0)","decl":{"start":{"line":6,"column":0},"end":{"line":6,"column":13}},"loc":{"start":{"line":6,"column":0},"end":{"line":131,"column":1}}},"1":{"name":"(anonymous_1)","decl":{"start":{"line":24,"column":11},"end":{"line":24,"column":17}},"loc":{"start":{"line":24,"column":27},"end":{"line":26,"column":5}}},"2":{"name":"(anonymous_2)","decl":{"start":{"line":29,"column":0},"end":{"line":29,"column":7}},"loc":{"start":{"line":29,"column":20},"end":{"line":32,"column":3}}},"3":{"name":"(anonymous_3)","decl":{"start":{"line":34,"column":2},"end":{"line":34,"column":11}},"loc":{"start":{"line":34,"column":26},"end":{"line":37,"column":3}}},"4":{"name":"(anonymous_4)","decl":{"start":{"line":39,"column":2},"end":{"line":39,"column":12}},"loc":{"start":{"line":39,"column":28},"end":{"line":42,"column":3}}},"5":{"name":"(anonymous_5)","decl":{"start":{"line":44,"column":2},"end":{"line":44,"column":9}},"loc":{"start":{"line":44,"column":22},"end":{"line":47,"column":3}}},"6":{"name":"(anonymous_6)","decl":{"start":{"line":49,"column":2},"end":{"line":49,"column":11}},"loc":{"start":{"line":49,"column":26},"end":{"line":52,"column":3}}},"7":{"name":"(anonymous_7)","decl":{"start":{"line":54,"column":2},"end":{"line":54,"column":17}},"loc":{"start":{"line":54,"column":38},"end":{"line":57,"column":3}}},"8":{"name":"(anonymous_8)","decl":{"start":{"line":59,"column":2},"end":{"line":59,"column":19}},"loc":{"start":{"line":59,"column":42},"end":{"line":62,"column":3}}},"9":{"name":"(anonymous_9)","decl":{"start":{"line":64,"column":2},"end":{"line":64,"column":19}},"loc":{"start":{"line":64,"column":42},"end":{"line":67,"column":3}}},"10":{"name":"(anonymous_10)","decl":{"start":{"line":69,"column":2},"end":{"line":69,"column":20}},"loc":{"start":{"line":69,"column":44},"end":{"line":72,"column":3}}},"11":{"name":"(anonymous_11)","decl":{"start":{"line":74,"column":2},"end":{"line":74,"column":18}},"loc":{"start":{"line":74,"column":40},"end":{"line":77,"column":3}}},"12":{"name":"(anonymous_12)","decl":{"start":{"line":79,"column":2},"end":{"line":79,"column":10}},"loc":{"start":{"line":79,"column":24},"end":{"line":82,"column":3}}},"13":{"name":"(anonymous_13)","decl":{"start":{"line":84,"column":2},"end":{"line":84,"column":14}},"loc":{"start":{"line":84,"column":32},"end":{"line":87,"column":3}}},"14":{"name":"(anonymous_14)","decl":{"start":{"line":89,"column":2},"end":{"line":89,"column":23}},"loc":{"start":{"line":89,"column":50},"end":{"line":92,"column":3}}},"15":{"name":"(anonymous_15)","decl":{"start":{"line":94,"column":2},"end":{"line":94,"column":18}},"loc":{"start":{"line":94,"column":40},"end":{"line":97,"column":3}}},"16":{"name":"(anonymous_16)","decl":{"start":{"line":99,"column":2},"end":{"line":99,"column":10}},"loc":{"start":{"line":99,"column":24},"end":{"line":102,"column":3}}},"17":{"name":"(anonymous_17)","decl":{"start":{"line":104,"column":2},"end":{"line":104,"column":13}},"loc":{"start":{"line":104,"column":30},"end":{"line":107,"column":3}}},"18":{"name":"(anonymous_18)","decl":{"start":{"line":109,"column":2},"end":{"line":109,"column":7}},"loc":{"start":{"line":109,"column":7},"end":{"line":129,"column":3}}}},"branchMap":{},"s":{"0":1,"1":3,"2":3,"3":3,"4":3,"5":3,"6":3,"7":3,"8":3,"9":3,"10":3,"11":3,"12":3,"13":3,"14":3,"15":3,"16":3,"17":0,"18":3,"19":3,"20":3,"21":3,"22":3,"23":3,"24":3,"25":3,"26":3,"27":3,"28":3,"29":3,"30":3,"31":3,"32":3,"33":3,"34":3,"35":3,"36":3,"37":3,"38":3,"39":3,"40":3,"41":3,"42":3,"43":3,"44":3,"45":3,"46":3,"47":3,"48":3,"49":3,"50":3,"51":1},"f":{"0":3,"1":0,"2":3,"3":3,"4":3,"5":3,"6":3,"7":3,"8":3,"9":3,"10":3,"11":3,"12":3,"13":3,"14":3,"15":3,"16":3,"17":3,"18":3},"b":{}}
,"C:\\Users\\PC\\Desktop\\SE2 - Copy\\src\\models\\builder\\toy.builder.ts": {"path":"C:\\Users\\PC\\Desktop\\SE2 - Copy\\src\\models\\builder\\toy.builder.ts","statementMap":{"0":{"start":{"line":1,"column":0},"end":{"line":1,"column":35}},"1":{"start":{"line":4,"column":12},"end":{"line":4,"column":32}},"2":{"start":{"line":5,"column":12},"end":{"line":5,"column":30}},"3":{"start":{"line":6,"column":12},"end":{"line":6,"column":32}},"4":{"start":{"line":7,"column":12},"end":{"line":7,"column":29}},"5":{"start":{"line":8,"column":12},"end":{"line":8,"column":32}},"6":{"start":{"line":9,"column":12},"end":{"line":9,"column":39}},"7":{"start":{"line":10,"column":12},"end":{"line":10,"column":35}},"8":{"start":{"line":11,"column":12},"end":{"line":11,"column":28}},"9":{"start":{"line":12,"column":12},"end":{"line":12,"column":31}},"10":{"start":{"line":15,"column":8},"end":{"line":15,"column":31}},"11":{"start":{"line":16,"column":8},"end":{"line":16,"column":20}},"12":{"start":{"line":20,"column":8},"end":{"line":20,"column":25}},"13":{"start":{"line":21,"column":8},"end":{"line":21,"column":20}},"14":{"start":{"line":25,"column":8},"end":{"line":25,"column":33}},"15":{"start":{"line":26,"column":8},"end":{"line":26,"column":20}},"16":{"start":{"line":30,"column":8},"end":{"line":30,"column":27}},"17":{"start":{"line":31,"column":8},"end":{"line":31,"column":20}},"18":{"start":{"line":35,"column":8},"end":{"line":35,"column":33}},"19":{"start":{"line":36,"column":8},"end":{"line":36,"column":20}},"20":{"start":{"line":40,"column":8},"end":{"line":40,"column":47}},"21":{"start":{"line":41,"column":8},"end":{"line":41,"column":20}},"22":{"start":{"line":45,"column":8},"end":{"line":45,"column":39}},"23":{"start":{"line":46,"column":8},"end":{"line":46,"column":20}},"24":{"start":{"line":50,"column":8},"end":{"line":50,"column":27}},"25":{"start":{"line":51,"column":8},"end":{"line":51,"column":20}},"26":{"start":{"line":55,"column":8},"end":{"line":55,"column":33}},"27":{"start":{"line":56,"column":8},"end":{"line":56,"column":20}},"28":{"start":{"line":61,"column":8},"end":{"line":71,"column":10}},"29":{"start":{"line":3,"column":0},"end":{"line":3,"column":13}}},"fnMap":{"0":{"name":"(anonymous_0)","decl":{"start":{"line":3,"column":0},"end":{"line":3,"column":13}},"loc":{"start":{"line":3,"column":0},"end":{"line":73,"column":1}}},"1":{"name":"(anonymous_1)","decl":{"start":{"line":14,"column":4},"end":{"line":14,"column":14}},"loc":{"start":{"line":14,"column":30},"end":{"line":17,"column":5}}},"2":{"name":"(anonymous_2)","decl":{"start":{"line":19,"column":4},"end":{"line":19,"column":11}},"loc":{"start":{"line":19,"column":24},"end":{"line":22,"column":5}}},"3":{"name":"(anonymous_3)","decl":{"start":{"line":24,"column":4},"end":{"line":24,"column":15}},"loc":{"start":{"line":24,"column":32},"end":{"line":27,"column":5}}},"4":{"name":"(anonymous_4)","decl":{"start":{"line":29,"column":4},"end":{"line":29,"column":12}},"loc":{"start":{"line":29,"column":26},"end":{"line":32,"column":5}}},"5":{"name":"(anonymous_5)","decl":{"start":{"line":34,"column":4},"end":{"line":34,"column":15}},"loc":{"start":{"line":34,"column":32},"end":{"line":37,"column":5}}},"6":{"name":"(anonymous_6)","decl":{"start":{"line":39,"column":4},"end":{"line":39,"column":22}},"loc":{"start":{"line":39,"column":46},"end":{"line":42,"column":5}}},"7":{"name":"(anonymous_7)","decl":{"start":{"line":44,"column":4},"end":{"line":44,"column":18}},"loc":{"start":{"line":44,"column":38},"end":{"line":47,"column":5}}},"8":{"name":"(anonymous_8)","decl":{"start":{"line":49,"column":4},"end":{"line":49,"column":12}},"loc":{"start":{"line":49,"column":26},"end":{"line":52,"column":5}}},"9":{"name":"(anonymous_9)","decl":{"start":{"line":54,"column":4},"end":{"line":54,"column":15}},"loc":{"start":{"line":54,"column":32},"end":{"line":57,"column":5}}},"10":{"name":"(anonymous_10)","decl":{"start":{"line":59,"column":4},"end":{"line":59,"column":9}},"loc":{"start":{"line":59,"column":9},"end":{"line":72,"column":5}}}},"branchMap":{},"s":{"0":1,"1":3,"2":3,"3":3,"4":3,"5":3,"6":3,"7":3,"8":3,"9":3,"10":0,"11":0,"12":3,"13":3,"14":3,"15":3,"16":3,"17":3,"18":3,"19":3,"20":3,"21":3,"22":3,"23":3,"24":3,"25":3,"26":3,"27":3,"28":3,"29":1},"f":{"0":3,"1":0,"2":3,"3":3,"4":3,"5":3,"6":3,"7":3,"8":3,"9":3,"10":3},"b":{}}
}
