TN:
SF:src\mappers\Book.mapper.ts
FN:8,(anonymous_0)
FNF:1
FNH:1
FNDA:3,(anonymous_0)
DA:1,1
DA:6,1
DA:9,3
LF:3
LH:3
BRDA:10,0,0,2
BRDA:10,0,1,1
BRDA:10,1,0,3
BRDA:10,1,1,3
BRDA:11,2,0,2
BRDA:11,2,1,1
BRDA:11,3,0,3
BRDA:11,3,1,3
BRDA:12,4,0,0
BRDA:12,4,1,3
BRDA:12,5,0,3
BRDA:12,5,1,3
BRDA:13,6,0,0
BRDA:13,6,1,3
BRDA:13,7,0,3
BRDA:13,7,1,3
BRDA:14,8,0,0
BRDA:14,8,1,3
BRDA:14,9,0,3
BRDA:14,9,1,3
BRDA:15,10,0,0
BRDA:15,10,1,3
BRDA:15,11,0,3
BRDA:15,11,1,3
BRDA:16,12,0,0
BRDA:16,12,1,3
BRDA:16,13,0,3
BRDA:16,13,1,3
BRDA:17,14,0,0
BRDA:17,14,1,3
BRDA:17,15,0,3
BRDA:17,15,1,3
BRDA:18,16,0,1
BRDA:18,16,1,2
BRDA:18,17,0,3
BRDA:18,17,1,3
BRDA:19,18,0,1
BRDA:19,18,1,2
BRDA:19,19,0,3
BRDA:19,19,1,3
BRF:40
BRH:34
end_of_record
TN:
SF:src\mappers\Cake.mapper.ts
FN:7,(anonymous_0)
FNF:1
FNH:1
FNDA:3,(anonymous_0)
DA:3,1
DA:6,1
DA:8,3
DA:9,3
LF:4
LH:4
BRDA:9,0,0,2
BRDA:9,0,1,1
BRDA:9,1,0,3
BRDA:9,1,1,3
BRDA:10,2,0,2
BRDA:10,2,1,1
BRDA:10,3,0,3
BRDA:10,3,1,3
BRDA:11,4,0,1
BRDA:11,4,1,2
BRDA:11,5,0,3
BRDA:11,5,1,3
BRDA:12,6,0,3
BRDA:12,6,1,0
BRDA:12,7,0,3
BRDA:12,7,1,3
BRDA:13,8,0,3
BRDA:13,8,1,0
BRDA:13,9,0,3
BRDA:13,9,1,3
BRDA:14,10,0,0
BRDA:14,10,1,3
BRDA:14,11,0,3
BRDA:14,11,1,3
BRDA:15,12,0,0
BRDA:15,12,1,3
BRDA:15,13,0,3
BRDA:15,13,1,3
BRDA:16,14,0,0
BRDA:16,14,1,3
BRDA:16,15,0,3
BRDA:16,15,1,3
BRDA:17,16,0,0
BRDA:17,16,1,3
BRDA:17,17,0,3
BRDA:17,17,1,3
BRDA:18,18,0,0
BRDA:18,18,1,3
BRDA:18,19,0,3
BRDA:18,19,1,3
BRDA:19,20,0,0
BRDA:19,20,1,3
BRDA:19,21,0,3
BRDA:19,21,1,3
BRDA:20,22,0,0
BRDA:20,22,1,3
BRDA:20,23,0,3
BRDA:20,23,1,3
BRDA:21,24,0,0
BRDA:21,24,1,3
BRDA:21,25,0,3
BRDA:21,25,1,3
BRDA:22,26,0,0
BRDA:22,26,1,3
BRDA:22,27,0,3
BRDA:22,27,1,3
BRDA:23,28,0,3
BRDA:23,28,1,0
BRDA:23,29,0,3
BRDA:23,29,1,3
BRDA:24,30,0,3
BRDA:24,30,1,0
BRDA:24,31,0,3
BRDA:24,31,1,3
BRF:64
BRH:51
end_of_record
TN:
SF:src\mappers\Toy.mapper.ts
FN:10,(anonymous_0)
FNF:1
FNH:1
FNDA:3,(anonymous_0)
DA:3,1
DA:9,1
DA:11,3
DA:12,3
LF:4
LH:4
BRDA:13,0,0,2
BRDA:13,0,1,1
BRDA:13,1,0,3
BRDA:13,1,1,3
BRDA:14,2,0,2
BRDA:14,2,1,1
BRDA:14,3,0,3
BRDA:14,3,1,3
BRDA:19,4,0,1
BRDA:19,4,1,2
BRDA:19,5,0,3
BRDA:19,5,1,3
BRDA:20,6,0,1
BRDA:20,6,1,2
BRDA:20,7,0,3
BRDA:20,7,1,3
BRF:16
BRH:16
end_of_record
TN:
SF:src\models\book.model.ts
FN:15,(anonymous_0)
FN:40,(anonymous_1)
FN:44,(anonymous_2)
FN:48,(anonymous_3)
FN:52,(anonymous_4)
FN:56,(anonymous_5)
FN:60,(anonymous_6)
FN:64,(anonymous_7)
FN:68,(anonymous_8)
FN:72,(anonymous_9)
FN:76,(anonymous_10)
FN:80,(anonymous_11)
FNF:12
FNH:5
FNDA:3,(anonymous_0)
FNDA:0,(anonymous_1)
FNDA:3,(anonymous_2)
FNDA:3,(anonymous_3)
FNDA:0,(anonymous_4)
FNDA:0,(anonymous_5)
FNDA:0,(anonymous_6)
FNDA:0,(anonymous_7)
FNDA:0,(anonymous_8)
FNDA:0,(anonymous_9)
FNDA:3,(anonymous_10)
FNDA:3,(anonymous_11)
DA:1,1
DA:2,1
DA:28,3
DA:29,3
DA:30,3
DA:31,3
DA:32,3
DA:33,3
DA:34,3
DA:35,3
DA:36,3
DA:37,3
DA:38,3
DA:41,0
DA:45,3
DA:49,3
DA:53,0
DA:57,0
DA:61,0
DA:65,0
DA:69,0
DA:73,0
DA:77,3
DA:81,3
LF:24
LH:17
BRF:0
BRH:0
end_of_record
TN:
SF:src\models\cake.model.ts
FN:23,(anonymous_0)
FN:65,(anonymous_1)
FN:69,(anonymous_2)
FN:73,(anonymous_3)
FN:77,(anonymous_4)
FN:81,(anonymous_5)
FN:84,(anonymous_6)
FN:87,(anonymous_7)
FN:91,(anonymous_8)
FN:95,(anonymous_9)
FN:99,(anonymous_10)
FN:103,(anonymous_11)
FN:107,(anonymous_12)
FN:111,(anonymous_13)
FN:115,(anonymous_14)
FN:119,(anonymous_15)
FN:123,(anonymous_16)
FN:127,(anonymous_17)
FNF:18
FNH:4
FNDA:3,(anonymous_0)
FNDA:0,(anonymous_1)
FNDA:3,(anonymous_2)
FNDA:2,(anonymous_3)
FNDA:0,(anonymous_4)
FNDA:0,(anonymous_5)
FNDA:0,(anonymous_6)
FNDA:0,(anonymous_7)
FNDA:0,(anonymous_8)
FNDA:0,(anonymous_9)
FNDA:0,(anonymous_10)
FNDA:0,(anonymous_11)
FNDA:0,(anonymous_12)
FNDA:0,(anonymous_13)
FNDA:0,(anonymous_14)
FNDA:0,(anonymous_15)
FNDA:2,(anonymous_16)
FNDA:0,(anonymous_17)
DA:1,1
DA:3,1
DA:45,3
DA:46,3
DA:47,3
DA:48,3
DA:49,3
DA:50,3
DA:51,3
DA:52,3
DA:53,3
DA:54,3
DA:55,3
DA:56,3
DA:57,3
DA:58,3
DA:59,3
DA:60,3
DA:66,0
DA:70,3
DA:74,2
DA:78,0
DA:82,0
DA:85,0
DA:88,0
DA:92,0
DA:96,0
DA:100,0
DA:104,0
DA:108,0
DA:112,0
DA:116,0
DA:120,0
DA:124,2
DA:128,0
LF:35
LH:21
BRF:0
BRH:0
end_of_record
TN:
SF:src\models\item.model.ts
FN:1,(anonymous_0)
FNF:1
FNH:1
FNDA:3,(anonymous_0)
DA:1,3
DA:2,3
DA:3,3
DA:4,3
LF:4
LH:4
BRDA:1,0,0,3
BRDA:1,0,1,3
BRF:2
BRH:2
end_of_record
TN:
SF:src\models\toy.model.ts
FN:14,(anonymous_0)
FN:36,(anonymous_1)
FN:40,(anonymous_2)
FN:44,(anonymous_3)
FN:48,(anonymous_4)
FN:52,(anonymous_5)
FN:56,(anonymous_6)
FN:60,(anonymous_7)
FN:64,(anonymous_8)
FN:68,(anonymous_9)
FN:72,(anonymous_10)
FNF:11
FNH:5
FNDA:3,(anonymous_0)
FNDA:0,(anonymous_1)
FNDA:0,(anonymous_2)
FNDA:2,(anonymous_3)
FNDA:3,(anonymous_4)
FNDA:0,(anonymous_5)
FNDA:0,(anonymous_6)
FNDA:0,(anonymous_7)
FNDA:0,(anonymous_8)
FNDA:3,(anonymous_9)
FNDA:3,(anonymous_10)
DA:1,1
DA:3,1
DA:25,3
DA:26,3
DA:27,3
DA:28,3
DA:29,3
DA:30,3
DA:31,3
DA:32,3
DA:33,3
DA:37,0
DA:41,0
DA:45,2
DA:49,3
DA:53,0
DA:57,0
DA:61,0
DA:65,0
DA:69,3
DA:73,3
LF:21
LH:15
BRF:0
BRH:0
end_of_record
TN:
SF:src\models\builder\book.builder.ts
FN:4,(anonymous_0)
FN:18,(anonymous_1)
FN:23,(anonymous_2)
FN:28,(anonymous_3)
FN:33,(anonymous_4)
FN:38,(anonymous_5)
FN:43,(anonymous_6)
FN:48,(anonymous_7)
FN:53,(anonymous_8)
FN:58,(anonymous_9)
FN:63,(anonymous_10)
FN:68,(anonymous_11)
FN:73,(anonymous_12)
FNF:13
FNH:12
FNDA:3,(anonymous_0)
FNDA:0,(anonymous_1)
FNDA:3,(anonymous_2)
FNDA:3,(anonymous_3)
FNDA:3,(anonymous_4)
FNDA:3,(anonymous_5)
FNDA:3,(anonymous_6)
FNDA:3,(anonymous_7)
FNDA:3,(anonymous_8)
FNDA:3,(anonymous_9)
FNDA:3,(anonymous_10)
FNDA:3,(anonymous_11)
FNDA:3,(anonymous_12)
DA:1,1
DA:4,1
DA:5,3
DA:6,3
DA:7,3
DA:8,3
DA:9,3
DA:10,3
DA:11,3
DA:12,3
DA:13,3
DA:14,3
DA:15,3
DA:19,0
DA:20,0
DA:24,3
DA:25,3
DA:29,3
DA:30,3
DA:34,3
DA:35,3
DA:39,3
DA:40,3
DA:44,3
DA:45,3
DA:49,3
DA:50,3
DA:54,3
DA:55,3
DA:59,3
DA:60,3
DA:64,3
DA:65,3
DA:69,3
DA:70,3
DA:76,3
LF:36
LH:34
BRF:0
BRH:0
end_of_record
TN:
SF:src\models\builder\cake.builder.ts
FN:6,(anonymous_0)
FN:24,(anonymous_1)
FN:29,(anonymous_2)
FN:34,(anonymous_3)
FN:39,(anonymous_4)
FN:44,(anonymous_5)
FN:49,(anonymous_6)
FN:54,(anonymous_7)
FN:59,(anonymous_8)
FN:64,(anonymous_9)
FN:69,(anonymous_10)
FN:74,(anonymous_11)
FN:79,(anonymous_12)
FN:84,(anonymous_13)
FN:89,(anonymous_14)
FN:94,(anonymous_15)
FN:99,(anonymous_16)
FN:104,(anonymous_17)
FN:109,(anonymous_18)
FNF:19
FNH:18
FNDA:3,(anonymous_0)
FNDA:0,(anonymous_1)
FNDA:3,(anonymous_2)
FNDA:3,(anonymous_3)
FNDA:3,(anonymous_4)
FNDA:3,(anonymous_5)
FNDA:3,(anonymous_6)
FNDA:3,(anonymous_7)
FNDA:3,(anonymous_8)
FNDA:3,(anonymous_9)
FNDA:3,(anonymous_10)
FNDA:3,(anonymous_11)
FNDA:3,(anonymous_12)
FNDA:3,(anonymous_13)
FNDA:3,(anonymous_14)
FNDA:3,(anonymous_15)
FNDA:3,(anonymous_16)
FNDA:3,(anonymous_17)
FNDA:3,(anonymous_18)
DA:1,1
DA:6,1
DA:7,3
DA:8,3
DA:9,3
DA:10,3
DA:11,3
DA:12,3
DA:13,3
DA:14,3
DA:15,3
DA:16,3
DA:17,3
DA:18,3
DA:19,3
DA:20,3
DA:21,3
DA:22,3
DA:25,0
DA:30,3
DA:31,3
DA:35,3
DA:36,3
DA:40,3
DA:41,3
DA:45,3
DA:46,3
DA:50,3
DA:51,3
DA:55,3
DA:56,3
DA:60,3
DA:61,3
DA:65,3
DA:66,3
DA:70,3
DA:71,3
DA:75,3
DA:76,3
DA:80,3
DA:81,3
DA:85,3
DA:86,3
DA:90,3
DA:91,3
DA:95,3
DA:96,3
DA:100,3
DA:101,3
DA:105,3
DA:106,3
DA:111,3
LF:52
LH:51
BRF:0
BRH:0
end_of_record
TN:
SF:src\models\builder\toy.builder.ts
FN:3,(anonymous_0)
FN:14,(anonymous_1)
FN:19,(anonymous_2)
FN:24,(anonymous_3)
FN:29,(anonymous_4)
FN:34,(anonymous_5)
FN:39,(anonymous_6)
FN:44,(anonymous_7)
FN:49,(anonymous_8)
FN:54,(anonymous_9)
FN:59,(anonymous_10)
FNF:11
FNH:10
FNDA:3,(anonymous_0)
FNDA:0,(anonymous_1)
FNDA:3,(anonymous_2)
FNDA:3,(anonymous_3)
FNDA:3,(anonymous_4)
FNDA:3,(anonymous_5)
FNDA:3,(anonymous_6)
FNDA:3,(anonymous_7)
FNDA:3,(anonymous_8)
FNDA:3,(anonymous_9)
FNDA:3,(anonymous_10)
DA:1,1
DA:3,1
DA:4,3
DA:5,3
DA:6,3
DA:7,3
DA:8,3
DA:9,3
DA:10,3
DA:11,3
DA:12,3
DA:15,0
DA:16,0
DA:20,3
DA:21,3
DA:25,3
DA:26,3
DA:30,3
DA:31,3
DA:35,3
DA:36,3
DA:40,3
DA:41,3
DA:45,3
DA:46,3
DA:50,3
DA:51,3
DA:55,3
DA:56,3
DA:61,3
LF:30
LH:28
BRF:0
BRH:0
end_of_record
